Traceback (most recent call last):
  File "/home/mwess/.local/lib/python3.10/site-packages/jupyter_cache/executors/utils.py", line 58, in single_nb_execution
    executenb(
  File "/usr/local/lib/python3.10/dist-packages/nbclient/client.py", line 1269, in execute
    return NotebookClient(nb=nb, resources=resources, km=km, **kwargs).execute()
  File "/usr/local/lib/python3.10/dist-packages/nbclient/util.py", line 85, in wrapped
    return just_run(coro(*args, **kwargs))
  File "/usr/local/lib/python3.10/dist-packages/nbclient/util.py", line 60, in just_run
    return loop.run_until_complete(coro)
  File "/usr/lib/python3.10/asyncio/base_events.py", line 649, in run_until_complete
    return future.result()
  File "/usr/local/lib/python3.10/dist-packages/nbclient/client.py", line 707, in async_execute
    await self.async_execute_cell(
  File "/usr/local/lib/python3.10/dist-packages/nbclient/client.py", line 1025, in async_execute_cell
    await self._check_raise_for_error(cell, cell_index, exec_reply)
  File "/usr/local/lib/python3.10/dist-packages/nbclient/client.py", line 919, in _check_raise_for_error
    raise CellExecutionError.from_cell_and_msg(cell, exec_reply_content)
nbclient.exceptions.CellExecutionError: An error occurred while executing the following cell:
------------------
mass_h1_inv = h1.Mass(1).Inverse()

dx_h1 = dx(intrules = h1.GetIntegrationRules())
peak = CF( exp(-100*( (x-0.5)**2 + (y-0.5)**2 ))  )

p,q = h1.TnT()
rhs = LinearForm(peak*q*dx_h1).Assemble().vec

gfp = GridFunction(h1)
gfp.vec.data = mass_h1_inv * rhs

Draw(gfp.vec, order = 2, points = dcs.GetWebGuiPoints(2));
------------------

[0;31m---------------------------------------------------------------------------[0m
[0;31mRuntimeError[0m                              Traceback (most recent call last)
Input [0;32mIn [4][0m, in [0;36m<cell line: 12>[0;34m()[0m
[1;32m      9[0m gfp [38;5;241m=[39m GridFunction(h1)
[1;32m     10[0m gfp[38;5;241m.[39mvec[38;5;241m.[39mdata [38;5;241m=[39m mass_h1_inv [38;5;241m*[39m rhs
[0;32m---> 12[0m [43mDraw[49m[43m([49m[43mgfp[49m[38;5;241;43m.[39;49m[43mvec[49m[43m,[49m[43m [49m[43morder[49m[43m [49m[38;5;241;43m=[39;49m[43m [49m[38;5;241;43m2[39;49m[43m,[49m[43m [49m[43mpoints[49m[43m [49m[38;5;241;43m=[39;49m[43m [49m[43mdcs[49m[38;5;241;43m.[39;49m[43mGetWebGuiPoints[49m[43m([49m[38;5;241;43m2[39;49m[43m)[49m[43m)[49m

File [0;32m~/.local/lib/python3.10/site-packages/netgen/webgui.py:401[0m, in [0;36mDraw[0;34m(obj, show, *args, **kwargs)[0m
[1;32m    399[0m             scene[38;5;241m.[39mDraw()
[1;32m    400[0m         [38;5;28;01melse[39;00m:
[0;32m--> 401[0m             [43mscene[49m[38;5;241;43m.[39;49m[43mDraw[49m[43m([49m
[1;32m    402[0m [43m                [49m[43mkwargs_with_defaults[49m[43m[[49m[38;5;124;43m"[39;49m[38;5;124;43mwidth[39;49m[38;5;124;43m"[39;49m[43m][49m[43m,[49m[43m [49m[43mkwargs_with_defaults[49m[43m[[49m[38;5;124;43m"[39;49m[38;5;124;43mheight[39;49m[38;5;124;43m"[39;49m[43m][49m
[1;32m    403[0m [43m            [49m[43m)[49m
[1;32m    404[0m [38;5;28;01mif[39;00m [38;5;124m"[39m[38;5;124mfilename[39m[38;5;124m"[39m [38;5;129;01min[39;00m kwargs_with_defaults:
[1;32m    405[0m     scene[38;5;241m.[39mGenerateHTML(filename[38;5;241m=[39mkwargs_with_defaults[[38;5;124m"[39m[38;5;124mfilename[39m[38;5;124m"[39m])

File [0;32m~/.local/lib/python3.10/site-packages/webgui_jupyter_widgets/widget.py:76[0m, in [0;36mBaseWebGuiScene.Draw[0;34m(self, width, height)[0m
[1;32m     74[0m [38;5;28mself[39m[38;5;241m.[39mwidget [38;5;241m=[39m WebGuiWidget(layout[38;5;241m=[39mlayout)
[1;32m     75[0m [38;5;28mself[39m[38;5;241m.[39mencoding[38;5;241m=[39m[38;5;124m'[39m[38;5;124mbinary[39m[38;5;124m'[39m
[0;32m---> 76[0m [38;5;28mself[39m[38;5;241m.[39mwidget[38;5;241m.[39mvalue [38;5;241m=[39m [38;5;28;43mself[39;49m[38;5;241;43m.[39;49m[43mGetData[49m[43m([49m[43m)[49m
[1;32m     77[0m display([38;5;28mself[39m[38;5;241m.[39mwidget)

File [0;32m~/.local/lib/python3.10/site-packages/netgen/webgui.py:260[0m, in [0;36mWebGLScene.GetData[0;34m(self, set_minmax)[0m
[1;32m    257[0m         ep[i] [38;5;241m=[39m encodeData(np[38;5;241m.[39marray(ep[i], dtype[38;5;241m=[39mnp[38;5;241m.[39mfloat32))
[1;32m    259[0m [38;5;28;01mif[39;00m d [38;5;129;01mis[39;00m [38;5;28;01mNone[39;00m:
[0;32m--> 260[0m     [38;5;28;01mraise[39;00m [38;5;167;01mRuntimeError[39;00m([38;5;124mf[39m[38;5;124m"[39m[38;5;124mCannot draw object of type [39m[38;5;132;01m{[39;00mtyp[38;5;132;01m}[39;00m[38;5;124m"[39m)
[1;32m    262[0m args [38;5;241m=[39m [38;5;28mself[39m[38;5;241m.[39margs
[1;32m    263[0m kwargs [38;5;241m=[39m [38;5;28mself[39m[38;5;241m.[39mkwargs

[0;31mRuntimeError[0m: Cannot draw object of type <class 'ngsolve.la.BaseVector'>
RuntimeError: Cannot draw object of type <class 'ngsolve.la.BaseVector'>

